<?xml version="1.0" encoding="UTF-8"?>
<!-- Generated by org.testng.reporters.JUnitReportReporter -->
<testsuite hostname="DESKTOP-UMG1TUF" failures="0" tests="2" name="testngdisscusion.ParallelExecution" time="77.566" errors="0" timestamp="2022-05-05T16:09:46 IST" skipped="0">
  <testcase classname="testngdisscusion.ParallelExecution" name="login" time="31.702"/>
  <system-out/>
  <testcase classname="testngdisscusion.ParallelExecution" name="dashboard" time="45.864"/>
  <system-out/>
</testsuite> <!-- testngdisscusion.ParallelExecution -->
