<?xml version="1.0" encoding="UTF-8"?>
<!-- Generated by org.testng.reporters.JUnitReportReporter -->
<testsuite hostname="DESKTOP-UMG1TUF" failures="0" tests="2" name="testngdisscusion.SingleClassExecution" time="0.009" errors="0" timestamp="2022-05-04T09:59:29 IST" skipped="0">
  <testcase classname="testngdisscusion.SingleClassExecution" name="testCase1" time="0.008"/>
  <system-out/>
  <testcase classname="testngdisscusion.SingleClassExecution" name="testCase2" time="0.001"/>
  <system-out/>
</testsuite> <!-- testngdisscusion.SingleClassExecution -->
