<?xml version="1.0" encoding="UTF-8"?>
<!-- Generated by org.testng.reporters.JUnitReportReporter -->
<testsuite hostname="DESKTOP-UMG1TUF" failures="0" tests="1" name="testngdisscusion.ReporterClassTestNG" time="14.773" errors="0" timestamp="2022-05-04T10:24:28 IST" skipped="0">
  <testcase classname="testngdisscusion.ReporterClassTestNG" name="logout" time="14.773"/>
  <system-out>
    <![CDATA[this is logout testcase]]>
  </system-out>
</testsuite> <!-- testngdisscusion.ReporterClassTestNG -->
