<?xml version="1.0" encoding="UTF-8"?>
<!-- Generated by org.testng.reporters.JUnitReportReporter -->
<testsuite hostname="DESKTOP-UMG1TUF" failures="0" tests="2" name="testngdisscusion.GroupingAnnotations" time="0.008" errors="0" timestamp="2022-05-04T18:29:55 IST" skipped="0">
  <testcase classname="testngdisscusion.GroupingAnnotations" name="login" time="0.007"/>
  <system-out/>
  <testcase classname="testngdisscusion.GroupingAnnotations" name="logout" time="0.001"/>
  <system-out/>
</testsuite> <!-- testngdisscusion.GroupingAnnotations -->
