<?xml version="1.0" encoding="UTF-8"?>
<!-- Generated by org.testng.reporters.JUnitReportReporter -->
<testsuite hostname="DESKTOP-UMG1TUF" failures="0" tests="1" name="testngdisscusion.AnnotetionsInTestNG" time="0.003" errors="0" timestamp="2022-05-04T11:44:38 IST" skipped="0">
  <testcase classname="testngdisscusion.AnnotetionsInTestNG" name="login" time="0.003"/>
  <system-out/>
</testsuite> <!-- testngdisscusion.AnnotetionsInTestNG -->
