<?xml version="1.0" encoding="UTF-8"?>
<!-- Generated by org.testng.reporters.JUnitReportReporter -->
<testsuite hostname="DESKTOP-UMG1TUF" failures="0" tests="2" name="testclasses.DashboardTest" time="0.000" errors="0" timestamp="2022-05-12T11:10:15 IST" skipped="2">
  <testcase classname="testclasses.DashboardTest" name="searchValidation" time="0.000">
    <skipped/>
  </testcase> <!-- searchValidation -->
  <system-out/>
  <testcase classname="testclasses.DashboardTest" name="buySharesValidation" time="0.000">
    <skipped/>
  </testcase> <!-- buySharesValidation -->
  <system-out/>
</testsuite> <!-- testclasses.DashboardTest -->
