<?xml version="1.0" encoding="UTF-8"?>
<!-- Generated by org.testng.reporters.JUnitReportReporter -->
<testsuite hostname="DESKTOP-UMG1TUF" failures="0" tests="2" name="testngdisscusion.DependsOnMethod2" time="0.010" errors="0" timestamp="2022-05-04T16:36:38 IST" skipped="1">
  <testcase classname="testngdisscusion.DependsOnMethod2" name="profile" time="0.000">
    <skipped/>
  </testcase> <!-- profile -->
  <system-out/>
  <testcase classname="testngdisscusion.DependsOnMethod2" name="dashBoard" time="0.010"/>
  <system-out/>
</testsuite> <!-- testngdisscusion.DependsOnMethod2 -->
