<?xml version="1.0" encoding="UTF-8"?>
<!-- Generated by org.testng.reporters.JUnitReportReporter -->
<testsuite hostname="DESKTOP-UMG1TUF" failures="0" tests="3" name="testngdisscusion.GroupingOfTestCase2" time="0.004" errors="0" timestamp="2022-05-04T17:48:38 IST" skipped="0">
  <testcase classname="testngdisscusion.GroupingOfTestCase2" name="home" time="0.001"/>
  <system-out/>
  <testcase classname="testngdisscusion.GroupingOfTestCase2" name="logout" time="0.002"/>
  <system-out/>
  <testcase classname="testngdisscusion.GroupingOfTestCase2" name="dashboard" time="0.001"/>
  <system-out/>
</testsuite> <!-- testngdisscusion.GroupingOfTestCase2 -->
