<?xml version="1.0" encoding="UTF-8"?>
<!-- Generated by org.testng.reporters.JUnitReportReporter -->
<testsuite hostname="DESKTOP-UMG1TUF" failures="0" tests="2" name="testngdisscusion.TestClassOne" time="0.002" errors="0" timestamp="2022-07-07T10:28:58 IST" skipped="0">
  <testcase classname="testngdisscusion.TestClassOne" name="testCase2" time="0.001"/>
  <system-out/>
  <testcase classname="testngdisscusion.TestClassOne" name="testCase1" time="0.001"/>
  <system-out/>
</testsuite> <!-- testngdisscusion.TestClassOne -->
