<?xml version="1.0" encoding="UTF-8"?>
<!-- Generated by org.testng.reporters.JUnitReportReporter -->
<testsuite hostname="DESKTOP-UMG1TUF" failures="0" tests="3" name="testngdisscusion.TestClassTwo" time="0.008" errors="0" timestamp="2022-07-07T10:28:58 IST" skipped="0">
  <testcase classname="testngdisscusion.TestClassTwo" name="dashboard" time="0.006"/>
  <system-out/>
  <testcase classname="testngdisscusion.TestClassTwo" name="login" time="0.001"/>
  <system-out/>
  <testcase classname="testngdisscusion.TestClassTwo" name="logout" time="0.001"/>
  <system-out/>
</testsuite> <!-- testngdisscusion.TestClassTwo -->
