<?xml version="1.0" encoding="UTF-8"?>
<!-- Generated by org.testng.reporters.JUnitReportReporter -->
<testsuite hostname="DESKTOP-UMG1TUF" failures="0" tests="2" name="testngdisscusion.ParallelTestTagActual" time="52.934" errors="0" timestamp="2022-05-05T19:02:56 IST" skipped="0">
  <testcase classname="testngdisscusion.ParallelTestTagActual" name="navToApp" time="29.916"/>
  <system-out/>
  <testcase classname="testngdisscusion.ParallelTestTagActual" name="navToApp" time="23.018"/>
  <system-out/>
</testsuite> <!-- testngdisscusion.ParallelTestTagActual -->
