<?xml version="1.0" encoding="UTF-8"?>
<!-- Generated by org.testng.reporters.JUnitReportReporter -->
<testsuite hostname="DESKTOP-UMG1TUF" failures="0" tests="5" name="testngdisscusion.PriorityKeywords" time="0.021" errors="0" timestamp="2022-05-04T09:53:32 IST" skipped="0">
  <testcase classname="testngdisscusion.PriorityKeywords" name="profile" time="0.014"/>
  <system-out/>
  <testcase classname="testngdisscusion.PriorityKeywords" name="logout" time="0.002"/>
  <system-out/>
  <testcase classname="testngdisscusion.PriorityKeywords" name="login" time="0.002"/>
  <system-out/>
  <testcase classname="testngdisscusion.PriorityKeywords" name="dashBoard" time="0.001"/>
  <system-out/>
  <testcase classname="testngdisscusion.PriorityKeywords" name="home" time="0.002"/>
  <system-out/>
</testsuite> <!-- testngdisscusion.PriorityKeywords -->
