<?xml version="1.0" encoding="UTF-8"?>
<!-- Generated by org.testng.reporters.JUnitReportReporter -->
<testsuite hostname="DESKTOP-UMG1TUF" failures="0" tests="3" name="testngdisscusion.inclusionExclusionMethods" time="0.013" errors="0" timestamp="2022-05-04T16:42:01 IST" skipped="1">
  <testcase classname="testngdisscusion.inclusionExclusionMethods" name="testCase2" time="0.002"/>
  <system-out/>
  <testcase classname="testngdisscusion.inclusionExclusionMethods" name="testCase1" time="0.011"/>
  <system-out/>
  <testcase classname="testngdisscusion.inclusionExclusionMethods" name="testCase3">
    <skipped/>
  </testcase> <!-- testCase3 -->
  <system-out/>
</testsuite> <!-- testngdisscusion.inclusionExclusionMethods -->
