<?xml version="1.0" encoding="UTF-8"?>
<!-- Generated by org.testng.reporters.JUnitReportReporter -->
<testsuite hostname="DESKTOP-UMG1TUF" failures="0" tests="9" name="testngdisscusion.InvocationCountKeyword" time="0.016" errors="0" timestamp="2022-05-04T10:03:48 IST" skipped="0">
  <testcase classname="testngdisscusion.InvocationCountKeyword" name="home" time="0.001"/>
  <system-out/>
  <testcase classname="testngdisscusion.InvocationCountKeyword" name="home" time="0.001"/>
  <system-out/>
  <testcase classname="testngdisscusion.InvocationCountKeyword" name="home" time="0.001"/>
  <system-out/>
  <testcase classname="testngdisscusion.InvocationCountKeyword" name="home" time="0.001"/>
  <system-out/>
  <testcase classname="testngdisscusion.InvocationCountKeyword" name="home" time="0.009"/>
  <system-out/>
  <testcase classname="testngdisscusion.InvocationCountKeyword" name="logout" time="0.001"/>
  <system-out/>
  <testcase classname="testngdisscusion.InvocationCountKeyword" name="logout" time="0.001"/>
  <system-out/>
  <testcase classname="testngdisscusion.InvocationCountKeyword" name="logout" time="0.001"/>
  <system-out/>
  <testcase classname="testngdisscusion.InvocationCountKeyword" name="dashBoard" time="0.000"/>
  <system-out/>
</testsuite> <!-- testngdisscusion.InvocationCountKeyword -->
