<?xml version="1.0" encoding="UTF-8"?>
<!-- Generated by org.testng.reporters.JUnitReportReporter -->
<testsuite hostname="DESKTOP-UMG1TUF" failures="0" tests="3" name="testngdisscusion.ParallelTestClassExcution1" time="52.740" errors="0" timestamp="2022-05-05T17:01:23 IST" skipped="0">
  <testcase classname="testngdisscusion.ParallelTestClassExcution1" name="profile" time="0.001"/>
  <system-out/>
  <testcase classname="testngdisscusion.ParallelTestClassExcution1" name="dashboard" time="0.008"/>
  <system-out/>
  <testcase classname="testngdisscusion.ParallelTestClassExcution1" name="login" time="52.731"/>
  <system-out/>
</testsuite> <!-- testngdisscusion.ParallelTestClassExcution1 -->
