<?xml version="1.0" encoding="UTF-8"?>
<!-- Generated by org.testng.reporters.JUnitReportReporter -->
<testsuite hostname="DESKTOP-UMG1TUF" failures="0" tests="3" name="testngdisscusion.GroupingOfTestCase1" time="0.011" errors="0" timestamp="2022-05-04T17:48:38 IST" skipped="0">
  <testcase classname="testngdisscusion.GroupingOfTestCase1" name="quantity" time="0.002"/>
  <system-out/>
  <testcase classname="testngdisscusion.GroupingOfTestCase1" name="sell" time="0.001"/>
  <system-out/>
  <testcase classname="testngdisscusion.GroupingOfTestCase1" name="buyshares" time="0.008"/>
  <system-out/>
</testsuite> <!-- testngdisscusion.GroupingOfTestCase1 -->
